{"level":"info","ts":1764305695.1499574,"msg":"using config from file","file":"Caddyfile"}
{"level":"info","ts":1764305695.1519566,"msg":"adapted config to JSON","adapter":"caddyfile"}
{"level":"warn","ts":1764305695.1519566,"msg":"Caddyfile input is not formatted; run 'caddy fmt --overwrite' to fix inconsistencies","adapter":"caddyfile","file":"Caddyfile","line":5}
{"level":"info","ts":1764305695.1581228,"logger":"admin","msg":"admin endpoint started","address":"localhost:2019","enforce_origin":false,"origins":["//localhost:2019","//[::1]:2019","//127.0.0.1:2019"]}
{"level":"info","ts":1764305695.1581228,"logger":"tls.cache.maintenance","msg":"started background certificate maintenance","cache":"0xc000147c00"}
{"level":"warn","ts":1764305695.1581228,"logger":"http.auto_https","msg":"server is listening only on the HTTP port, so no automatic HTTPS will be applied to this server","server_name":"srv0","http_port":80}
{"level":"info","ts":1764305695.159124,"logger":"tls.cache.maintenance","msg":"stopped background certificate maintenance","cache":"0xc000147c00"}
Error: loading initial config: loading new config: http app module: start: listening on :80: listen tcp :80: bind: Solo se permite un uso de cada direcci贸n de socket (protocolo/direcci贸n de red/puerto)
{"level":"info","ts":1764305697.307727,"msg":"using config from file","file":"Caddyfile"}
{"level":"info","ts":1764305697.307727,"msg":"adapted config to JSON","adapter":"caddyfile"}
{"level":"warn","ts":1764305697.307727,"msg":"Caddyfile input is not formatted; run 'caddy fmt --overwrite' to fix inconsistencies","adapter":"caddyfile","file":"Caddyfile","line":5}
{"level":"info","ts":1764305697.315384,"logger":"admin","msg":"admin endpoint started","address":"localhost:2019","enforce_origin":false,"origins":["//[::1]:2019","//127.0.0.1:2019","//localhost:2019"]}
{"level":"info","ts":1764305697.315384,"logger":"tls.cache.maintenance","msg":"started background certificate maintenance","cache":"0xc000278300"}
{"level":"warn","ts":1764305697.315384,"logger":"http.auto_https","msg":"server is listening only on the HTTP port, so no automatic HTTPS will be applied to this server","server_name":"srv0","http_port":80}
{"level":"info","ts":1764305697.3171635,"logger":"tls.cache.maintenance","msg":"stopped background certificate maintenance","cache":"0xc000278300"}
Error: loading initial config: loading new config: http app module: start: listening on :80: listen tcp :80: bind: Solo se permite un uso de cada direcci贸n de socket (protocolo/direcci贸n de red/puerto)
{"level":"info","ts":1764305701.438356,"msg":"using config from file","file":"Caddyfile"}
{"level":"info","ts":1764305701.4393554,"msg":"adapted config to JSON","adapter":"caddyfile"}
{"level":"warn","ts":1764305701.4393554,"msg":"Caddyfile input is not formatted; run 'caddy fmt --overwrite' to fix inconsistencies","adapter":"caddyfile","file":"Caddyfile","line":5}
{"level":"info","ts":1764305701.445913,"logger":"admin","msg":"admin endpoint started","address":"localhost:2019","enforce_origin":false,"origins":["//localhost:2019","//[::1]:2019","//127.0.0.1:2019"]}
{"level":"info","ts":1764305701.445913,"logger":"tls.cache.maintenance","msg":"started background certificate maintenance","cache":"0xc0004b9700"}
{"level":"warn","ts":1764305701.445913,"logger":"http.auto_https","msg":"server is listening only on the HTTP port, so no automatic HTTPS will be applied to this server","server_name":"srv0","http_port":80}
{"level":"error","ts":1764305701.4469032,"logger":"tls","msg":"could not clean default/global storage","error":"unable to acquire storage_clean lock: context canceled"}
{"level":"info","ts":1764305701.4469032,"logger":"tls","msg":"finished cleaning storage units"}
{"level":"info","ts":1764305701.4469032,"logger":"tls.cache.maintenance","msg":"stopped background certificate maintenance","cache":"0xc0004b9700"}
Error: loading initial config: loading new config: http app module: start: listening on :80: listen tcp :80: bind: Solo se permite un uso de cada direcci贸n de socket (protocolo/direcci贸n de red/puerto)
{"level":"info","ts":1764305709.582907,"msg":"using config from file","file":"Caddyfile"}
{"level":"info","ts":1764305709.5840607,"msg":"adapted config to JSON","adapter":"caddyfile"}
{"level":"warn","ts":1764305709.5840607,"msg":"Caddyfile input is not formatted; run 'caddy fmt --overwrite' to fix inconsistencies","adapter":"caddyfile","file":"Caddyfile","line":5}
{"level":"info","ts":1764305709.5899615,"logger":"admin","msg":"admin endpoint started","address":"localhost:2019","enforce_origin":false,"origins":["//localhost:2019","//[::1]:2019","//127.0.0.1:2019"]}
{"level":"info","ts":1764305709.5899615,"logger":"tls.cache.maintenance","msg":"started background certificate maintenance","cache":"0xc000608c00"}
{"level":"warn","ts":1764305709.5899615,"logger":"http.auto_https","msg":"server is listening only on the HTTP port, so no automatic HTTPS will be applied to this server","server_name":"srv0","http_port":80}
{"level":"info","ts":1764305709.5911264,"logger":"tls.cache.maintenance","msg":"stopped background certificate maintenance","cache":"0xc000608c00"}
{"level":"error","ts":1764305709.5911264,"logger":"tls","msg":"could not clean default/global storage","error":"unable to acquire storage_clean lock: context canceled"}
{"level":"info","ts":1764305709.5911264,"logger":"tls","msg":"finished cleaning storage units"}
Error: loading initial config: loading new config: http app module: start: listening on :80: listen tcp :80: bind: Solo se permite un uso de cada direcci贸n de socket (protocolo/direcci贸n de red/puerto)
{"level":"info","ts":1764305725.7396882,"msg":"using config from file","file":"Caddyfile"}
{"level":"info","ts":1764305725.7416906,"msg":"adapted config to JSON","adapter":"caddyfile"}
{"level":"warn","ts":1764305725.7416906,"msg":"Caddyfile input is not formatted; run 'caddy fmt --overwrite' to fix inconsistencies","adapter":"caddyfile","file":"Caddyfile","line":5}
{"level":"info","ts":1764305725.7486954,"logger":"admin","msg":"admin endpoint started","address":"localhost:2019","enforce_origin":false,"origins":["//localhost:2019","//[::1]:2019","//127.0.0.1:2019"]}
{"level":"info","ts":1764305725.7486954,"logger":"tls.cache.maintenance","msg":"started background certificate maintenance","cache":"0xc0001a7180"}
{"level":"warn","ts":1764305725.7486954,"logger":"http.auto_https","msg":"server is listening only on the HTTP port, so no automatic HTTPS will be applied to this server","server_name":"srv0","http_port":80}
{"level":"info","ts":1764305725.7496965,"logger":"tls.cache.maintenance","msg":"stopped background certificate maintenance","cache":"0xc0001a7180"}
{"level":"error","ts":1764305725.7496965,"logger":"tls","msg":"could not clean default/global storage","error":"unable to acquire storage_clean lock: context canceled"}
{"level":"info","ts":1764305725.7496965,"logger":"tls","msg":"finished cleaning storage units"}
Error: loading initial config: loading new config: http app module: start: listening on :80: listen tcp :80: bind: Solo se permite un uso de cada direcci贸n de socket (protocolo/direcci贸n de red/puerto)
{"level":"info","ts":1764305757.8924243,"msg":"using config from file","file":"Caddyfile"}
{"level":"info","ts":1764305757.8939645,"msg":"adapted config to JSON","adapter":"caddyfile"}
{"level":"warn","ts":1764305757.8939645,"msg":"Caddyfile input is not formatted; run 'caddy fmt --overwrite' to fix inconsistencies","adapter":"caddyfile","file":"Caddyfile","line":5}
{"level":"info","ts":1764305757.9021132,"logger":"admin","msg":"admin endpoint started","address":"localhost:2019","enforce_origin":false,"origins":["//localhost:2019","//[::1]:2019","//127.0.0.1:2019"]}
{"level":"info","ts":1764305757.9021132,"logger":"tls.cache.maintenance","msg":"started background certificate maintenance","cache":"0xc00043d280"}
{"level":"info","ts":1764305757.902661,"logger":"http.log","msg":"server running","name":"srv0","protocols":["h1","h2","h3"]}
{"level":"info","ts":1764305757.9036539,"msg":"autosaved config (load with --resume flag)","file":"C:\\Windows\\system32\\config\\systemprofile\\AppData\\Roaming\\Caddy\\autosave.json"}
{"level":"info","ts":1764305757.9036539,"msg":"serving initial configuration"}
{"level":"info","ts":1764305759.6747065,"msg":"[INFO][FileStorage:C:\\Windows\\system32\\config\\systemprofile\\AppData\\Roaming\\Caddy] C:\\Windows\\system32\\config\\systemprofile\\AppData\\Roaming\\Caddy\\locks\\storage_clean.lock: Empty lockfile (EOF) - likely previous process crashed or storage medium failure; treating as stale"}
{"level":"info","ts":1764305759.6747065,"msg":"[INFO][FileStorage:C:\\Windows\\system32\\config\\systemprofile\\AppData\\Roaming\\Caddy] Lock for 'storage_clean' is stale (created: 0001-01-01 00:00:00 +0000 UTC, last update: 0001-01-01 00:00:00 +0000 UTC); removing then retrying: C:\\Windows\\system32\\config\\systemprofile\\AppData\\Roaming\\Caddy\\locks\\storage_clean.lock"}
{"level":"info","ts":1764305759.6791933,"logger":"tls","msg":"cleaning storage unit","storage":"FileStorage:C:\\Windows\\system32\\config\\systemprofile\\AppData\\Roaming\\Caddy"}
{"level":"info","ts":1764305759.6898081,"logger":"tls","msg":"finished cleaning storage units"}
{"level":"info","ts":1764392157.7257645,"logger":"tls","msg":"storage cleaning happened too recently; skipping for now","storage":"FileStorage:C:\\Windows\\system32\\config\\systemprofile\\AppData\\Roaming\\Caddy","instance":"2f537979-9192-4ebc-972e-f1249645b4e4","try_again":1764478557.7257645,"try_again_in":86400}
{"level":"info","ts":1764392157.7257645,"logger":"tls","msg":"finished cleaning storage units"}
{"level":"info","ts":1764478557.5180593,"logger":"tls","msg":"cleaning storage unit","storage":"FileStorage:C:\\Windows\\system32\\config\\systemprofile\\AppData\\Roaming\\Caddy"}
{"level":"info","ts":1764478557.518618,"logger":"tls","msg":"finished cleaning storage units"}
{"level":"info","ts":1764504444.6177974,"msg":"shutting down","signal":"SIGINT"}
{"level":"warn","ts":1764504444.6177974,"msg":"exiting; byeee!! ","signal":"SIGINT"}
{"level":"info","ts":1764504444.6177974,"logger":"http","msg":"servers shutting down with eternal grace period"}
{"level":"info","ts":1764504444.6177974,"logger":"admin","msg":"stopped previous server","address":"localhost:2019"}
{"level":"info","ts":1764504444.6177974,"msg":"shutdown complete","signal":"SIGINT","exit_code":0}
